<?xml version="1.0" encoding="UTF-8"?>
<testsuite name="com.example.quickcash.UserManagement.SignUpJUnitTest" tests="12" skipped="0" failures="0" errors="0" timestamp="2021-10-18T00:41:03" hostname="LOGANS-LAPTOP" time="0.065">
  <properties/>
  <testcase name="checkIfEmailValid" classname="com.example.quickcash.UserManagement.SignUpJUnitTest" time="0.006"/>
  <testcase name="checkIfFirstNameIsEmpty" classname="com.example.quickcash.UserManagement.SignUpJUnitTest" time="0.001"/>
  <testcase name="checkIfEncryptionWorks" classname="com.example.quickcash.UserManagement.SignUpJUnitTest" time="0.054"/>
  <testcase name="checkIfLastNameIsEmpty" classname="com.example.quickcash.UserManagement.SignUpJUnitTest" time="0.0"/>
  <testcase name="checkIfPasswordIsEmpty" classname="com.example.quickcash.UserManagement.SignUpJUnitTest" time="0.0"/>
  <testcase name="checkIfPasswordIsValid" classname="com.example.quickcash.UserManagement.SignUpJUnitTest" time="0.001"/>
  <testcase name="checkIfEmailIsEmpty" classname="com.example.quickcash.UserManagement.SignUpJUnitTest" time="0.0"/>
  <testcase name="checkIfPasswordIsMatching" classname="com.example.quickcash.UserManagement.SignUpJUnitTest" time="0.001"/>
  <testcase name="checkIfValidPhoneNumber" classname="com.example.quickcash.UserManagement.SignUpJUnitTest" time="0.0"/>
  <testcase name="addition_isCorrect" classname="com.example.quickcash.UserManagement.SignUpJUnitTest" time="0.001"/>
  <testcase name="checkIfConfirmPasswordIsEmpty" classname="com.example.quickcash.UserManagement.SignUpJUnitTest" time="0.0"/>
  <testcase name="checkIfPhoneNumberIsEmpty" classname="com.example.quickcash.UserManagement.SignUpJUnitTest" time="0.0"/>
  <system-out><![CDATA[]]></system-out>
  <system-err><![CDATA[]]></system-err>
</testsuite>
